2019-04-16 09:50:00.534  INFO 14800 --- [main] c.e.p.ProjectAviationApplication         : Starting ProjectAviationApplication on AFOEB-607061722 with PID 14800 (F:\workspaceforidea\project_aviation\target\classes started by Administrator in F:\workspaceforidea\project_aviation)
2019-04-16 09:50:00.544  INFO 14800 --- [main] c.e.p.ProjectAviationApplication         : No active profile set, falling back to default profiles: default
2019-04-16 09:50:01.910  INFO 14800 --- [main] .s.d.r.c.RepositoryConfigurationDelegate : Bootstrapping Spring Data repositories in DEFAULT mode.
2019-04-16 09:50:01.996  INFO 14800 --- [main] .s.d.r.c.RepositoryConfigurationDelegate : Finished Spring Data repository scanning in 77ms. Found 4 repository interfaces.
2019-04-16 09:50:02.256  INFO 14800 --- [main] trationDelegate$BeanPostProcessorChecker : Bean 'org.springframework.transaction.annotation.ProxyTransactionManagementConfiguration' of type [org.springframework.transaction.annotation.ProxyTransactionManagementConfiguration$$EnhancerBySpringCGLIB$$37e45b3a] is not eligible for getting processed by all BeanPostProcessors (for example: not eligible for auto-proxying)
2019-04-16 09:50:02.553  INFO 14800 --- [main] o.s.b.w.embedded.tomcat.TomcatWebServer  : Tomcat initialized with port(s): 8080 (http)
2019-04-16 09:50:02.576  INFO 14800 --- [main] o.apache.catalina.core.StandardService   : Starting service [Tomcat]
2019-04-16 09:50:02.576  INFO 14800 --- [main] org.apache.catalina.core.StandardEngine  : Starting Servlet engine: [Apache Tomcat/9.0.16]
2019-04-16 09:50:02.583  INFO 14800 --- [main] o.a.catalina.core.AprLifecycleListener   : The APR based Apache Tomcat Native library which allows optimal performance in production environments was not found on the java.library.path: [C:\Program Files\Java\jdk1.8.0_121\bin;C:\WINDOWS\Sun\Java\bin;C:\WINDOWS\system32;C:\WINDOWS;C:\Program Files (x86)\Common Files\Oracle\Java\javapath;C:\ProgramData\Oracle\Java\javapath;C:\windows\system32;C:\windows;C:\windows\System32\Wbem;C:\windows\System32\WindowsPowerShell\v1.0\;C:\WINDOWS\system32;C:\WINDOWS;C:\WINDOWS\System32\Wbem;C:\WINDOWS\System32\WindowsPowerShell\v1.0\;C:\Program Files (x86)\NVIDIA Corporation\PhysX\Common;D:\数据库\共享功能目录（x86）(x)\100\Tools\Binn\;D:\jdk1.8\bin;"D:\jdk1.8\bin;D:\jdk1.8\jre\bin;";C:\Program Files (x86)\GtkSharp\2.12\bin;C:\WINDOWS\System32\OpenSSH\;C:\Program Files\Microsoft VS Code\bin;D:\Android\android-sdk_r24.4.1-windows\android-sdk-windows\platform-tools;D:\Android\android-sdk_r24.4.1-windows\android-sdk-windows;E:\matlab\runtime\win64;E:\matlab\bin;E:\matlab\polyspace\bin;F:\Program Files (x86)\Microsoft SQL Server\100\Tools\Binn\;F:\Program Files\Microsoft SQL Server\100\Tools\Binn\;F:\Program Files\Microsoft SQL Server\100\DTS\Binn\;D:\数据库\共享功能目录（x86）(x)\100\Tools\Binn\VSShell\Common7\IDE\;D:\数据库\共享功能目录（s）\100\Tools\Binn\;D:\数据库\共享功能目录（x86）(x)\100\DTS\Binn\;D:\数据库\共享功能目录（s）\100\DTS\Binn\;C:\Program Files\dotnet\;C:\Program Files\Microsoft SQL Server\130\Tools\Binn\;F:\mysql-8.0.13-winx64\mysql-8.0.13-winx64\bin\bin;C:\Program Files\NVIDIA Corporation\NVIDIA NvDLISR;F:\Program Files\nodejs\;C:\ProgramData\chocolatey\bin;C:\Users\Administrator\AppData\Local\Programs\Python\Python37\Scripts\;C:\Users\Administrator\AppData\Local\Programs\Python\Python37\;C:\Users\Administrator\AppData\Local\Microsoft\WindowsApps;C:\Users\Administrator\AppData\Roaming\npm;.]
2019-04-16 09:50:04.096  INFO 14800 --- [main] o.a.c.c.C.[Tomcat].[localhost].[/]       : Initializing Spring embedded WebApplicationContext
2019-04-16 09:50:04.096  INFO 14800 --- [main] o.s.web.context.ContextLoader            : Root WebApplicationContext: initialization completed in 3513 ms
2019-04-16 09:50:04.256  INFO 14800 --- [main] com.zaxxer.hikari.HikariDataSource       : HikariPool-1 - Starting...
2019-04-16 09:50:05.080  INFO 14800 --- [main] com.zaxxer.hikari.HikariDataSource       : HikariPool-1 - Start completed.
2019-04-16 09:50:06.194  INFO 14800 --- [main] j.LocalContainerEntityManagerFactoryBean : Initialized JPA EntityManagerFactory for persistence unit 'default'
2019-04-16 09:50:06.811  INFO 14800 --- [main] o.s.s.concurrent.ThreadPoolTaskExecutor  : Initializing ExecutorService 'applicationTaskExecutor'
2019-04-16 09:50:06.840  WARN 14800 --- [main] aWebConfiguration$JpaWebMvcConfiguration : spring.jpa.open-in-view is enabled by default. Therefore, database queries may be performed during view rendering. Explicitly configure spring.jpa.open-in-view to disable this warning
2019-04-16 09:50:06.994  INFO 14800 --- [main] o.s.b.w.embedded.tomcat.TomcatWebServer  : Tomcat started on port(s): 8080 (http) with context path ''
2019-04-16 09:50:06.997  INFO 14800 --- [main] c.e.p.ProjectAviationApplication         : Started ProjectAviationApplication in 6.944 seconds (JVM running for 9.625)
2019-04-16 09:51:38.277  INFO 14800 --- [http-nio-8080-exec-1] o.a.c.c.C.[Tomcat].[localhost].[/]       : Initializing Spring DispatcherServlet 'dispatcherServlet'
2019-04-16 09:51:38.277  INFO 14800 --- [http-nio-8080-exec-1] o.s.web.servlet.DispatcherServlet        : Initializing Servlet 'dispatcherServlet'
2019-04-16 09:51:38.285  INFO 14800 --- [http-nio-8080-exec-1] o.s.web.servlet.DispatcherServlet        : Completed initialization in 8 ms
2019-04-16 10:04:07.719  WARN 14800 --- [HikariPool-1 housekeeper] com.zaxxer.hikari.pool.HikariPool        : HikariPool-1 - Thread starvation or clock leap detected (housekeeper delta=4m2s522ms675µs340ns).
2019-04-16 10:15:47.470  WARN 14800 --- [HikariPool-1 housekeeper] com.zaxxer.hikari.pool.HikariPool        : HikariPool-1 - Thread starvation or clock leap detected (housekeeper delta=3m9s715ms240µs126ns).
2019-04-16 17:55:35.407  INFO 5880 --- [main] c.e.p.ProjectAviationApplication         : Starting ProjectAviationApplication on AFOEB-607061722 with PID 5880 (F:\workspaceforidea\project_aviation\target\classes started by Administrator in F:\workspaceforidea\project_aviation)
2019-04-16 17:55:35.445  INFO 5880 --- [main] c.e.p.ProjectAviationApplication         : No active profile set, falling back to default profiles: default
2019-04-16 17:55:36.700  INFO 5880 --- [main] .s.d.r.c.RepositoryConfigurationDelegate : Bootstrapping Spring Data repositories in DEFAULT mode.
2019-04-16 17:55:36.823  INFO 5880 --- [main] .s.d.r.c.RepositoryConfigurationDelegate : Finished Spring Data repository scanning in 112ms. Found 4 repository interfaces.
2019-04-16 17:55:37.236  INFO 5880 --- [main] trationDelegate$BeanPostProcessorChecker : Bean 'org.springframework.transaction.annotation.ProxyTransactionManagementConfiguration' of type [org.springframework.transaction.annotation.ProxyTransactionManagementConfiguration$$EnhancerBySpringCGLIB$$d0f611e6] is not eligible for getting processed by all BeanPostProcessors (for example: not eligible for auto-proxying)
2019-04-16 17:55:37.950  INFO 5880 --- [main] o.s.b.w.embedded.tomcat.TomcatWebServer  : Tomcat initialized with port(s): 8080 (http)
2019-04-16 17:55:37.996  INFO 5880 --- [main] o.apache.catalina.core.StandardService   : Starting service [Tomcat]
2019-04-16 17:55:37.997  INFO 5880 --- [main] org.apache.catalina.core.StandardEngine  : Starting Servlet engine: [Apache Tomcat/9.0.16]
2019-04-16 17:55:38.007  INFO 5880 --- [main] o.a.catalina.core.AprLifecycleListener   : The APR based Apache Tomcat Native library which allows optimal performance in production environments was not found on the java.library.path: [C:\Program Files\Java\jdk1.8.0_121\bin;C:\WINDOWS\Sun\Java\bin;C:\WINDOWS\system32;C:\WINDOWS;C:\Program Files (x86)\Common Files\Oracle\Java\javapath;C:\ProgramData\Oracle\Java\javapath;C:\windows\system32;C:\windows;C:\windows\System32\Wbem;C:\windows\System32\WindowsPowerShell\v1.0\;C:\WINDOWS\system32;C:\WINDOWS;C:\WINDOWS\System32\Wbem;C:\WINDOWS\System32\WindowsPowerShell\v1.0\;C:\Program Files (x86)\NVIDIA Corporation\PhysX\Common;D:\数据库\共享功能目录（x86）(x)\100\Tools\Binn\;D:\jdk1.8\bin;"D:\jdk1.8\bin;D:\jdk1.8\jre\bin;";C:\Program Files (x86)\GtkSharp\2.12\bin;C:\WINDOWS\System32\OpenSSH\;C:\Program Files\Microsoft VS Code\bin;D:\Android\android-sdk_r24.4.1-windows\android-sdk-windows\platform-tools;D:\Android\android-sdk_r24.4.1-windows\android-sdk-windows;E:\matlab\runtime\win64;E:\matlab\bin;E:\matlab\polyspace\bin;F:\Program Files (x86)\Microsoft SQL Server\100\Tools\Binn\;F:\Program Files\Microsoft SQL Server\100\Tools\Binn\;F:\Program Files\Microsoft SQL Server\100\DTS\Binn\;D:\数据库\共享功能目录（x86）(x)\100\Tools\Binn\VSShell\Common7\IDE\;D:\数据库\共享功能目录（s）\100\Tools\Binn\;D:\数据库\共享功能目录（x86）(x)\100\DTS\Binn\;D:\数据库\共享功能目录（s）\100\DTS\Binn\;C:\Program Files\dotnet\;C:\Program Files\Microsoft SQL Server\130\Tools\Binn\;F:\mysql-8.0.13-winx64\mysql-8.0.13-winx64\bin\bin;C:\Program Files\NVIDIA Corporation\NVIDIA NvDLISR;F:\Program Files\nodejs\;C:\ProgramData\chocolatey\bin;C:\Users\Administrator\AppData\Local\Programs\Python\Python37\Scripts\;C:\Users\Administrator\AppData\Local\Programs\Python\Python37\;C:\Users\Administrator\AppData\Local\Microsoft\WindowsApps;C:\Users\Administrator\AppData\Roaming\npm;.]
2019-04-16 17:55:38.463  INFO 5880 --- [main] o.a.c.c.C.[Tomcat].[localhost].[/]       : Initializing Spring embedded WebApplicationContext
2019-04-16 17:55:38.463  INFO 5880 --- [main] o.s.web.context.ContextLoader            : Root WebApplicationContext: initialization completed in 2953 ms
2019-04-16 17:55:38.641  INFO 5880 --- [main] com.zaxxer.hikari.HikariDataSource       : HikariPool-1 - Starting...
2019-04-16 17:55:40.456  INFO 5880 --- [main] com.zaxxer.hikari.HikariDataSource       : HikariPool-1 - Start completed.
2019-04-16 17:55:43.107  INFO 5880 --- [main] j.LocalContainerEntityManagerFactoryBean : Initialized JPA EntityManagerFactory for persistence unit 'default'
2019-04-16 17:55:44.572  INFO 5880 --- [main] o.s.s.concurrent.ThreadPoolTaskExecutor  : Initializing ExecutorService 'applicationTaskExecutor'
2019-04-16 17:55:44.641  WARN 5880 --- [main] aWebConfiguration$JpaWebMvcConfiguration : spring.jpa.open-in-view is enabled by default. Therefore, database queries may be performed during view rendering. Explicitly configure spring.jpa.open-in-view to disable this warning
2019-04-16 17:55:44.956  INFO 5880 --- [main] o.s.b.w.embedded.tomcat.TomcatWebServer  : Tomcat started on port(s): 8080 (http) with context path ''
2019-04-16 17:55:44.960  INFO 5880 --- [main] c.e.p.ProjectAviationApplication         : Started ProjectAviationApplication in 10.172 seconds (JVM running for 12.167)
2019-04-16 20:00:03.849  WARN 5880 --- [HikariPool-1 housekeeper] com.zaxxer.hikari.pool.HikariPool        : HikariPool-1 - Thread starvation or clock leap detected (housekeeper delta=1h59m23s270ms522µs650ns).
2019-04-16 20:00:25.633  INFO 5880 --- [http-nio-8080-exec-1] o.a.c.c.C.[Tomcat].[localhost].[/]       : Initializing Spring DispatcherServlet 'dispatcherServlet'
2019-04-16 20:00:25.633  INFO 5880 --- [http-nio-8080-exec-1] o.s.web.servlet.DispatcherServlet        : Initializing Servlet 'dispatcherServlet'
2019-04-16 20:00:25.637  INFO 5880 --- [http-nio-8080-exec-1] o.s.web.servlet.DispatcherServlet        : Completed initialization in 4 ms
2019-04-16 20:22:37.455  WARN 5880 --- [HikariPool-1 housekeeper] com.zaxxer.hikari.pool.HikariPool        : HikariPool-1 - Thread starvation or clock leap detected (housekeeper delta=11m33s555ms525µs487ns).
2019-04-16 20:26:23.018  WARN 5880 --- [HikariPool-1 housekeeper] com.zaxxer.hikari.pool.HikariPool        : HikariPool-1 - Thread starvation or clock leap detected (housekeeper delta=3m45s572ms361µs29ns).
2019-04-16 21:34:41.028  WARN 5880 --- [HikariPool-1 housekeeper] com.zaxxer.hikari.pool.HikariPool        : HikariPool-1 - Thread starvation or clock leap detected (housekeeper delta=47m43s480ms854µs929ns).
